[debug] [2023-01-14T22:42:58.504Z] ----------------------------------------------------------------------
[debug] [2023-01-14T22:42:58.510Z] Command:       C:\Program Files\nodejs\node.exe C:\Users\Usuario\AppData\Roaming\npm\node_modules\firebase-tools\lib\bin\firebase.js init
[debug] [2023-01-14T22:42:58.512Z] CLI Version:   11.20.0
[debug] [2023-01-14T22:42:58.512Z] Platform:      win32
[debug] [2023-01-14T22:42:58.512Z] Node Version:  v16.16.0
[debug] [2023-01-14T22:42:58.514Z] Time:          Sat Jan 14 2023 19:42:58 GMT-0300 (hora estándar de Argentina)
[debug] [2023-01-14T22:42:58.515Z] ----------------------------------------------------------------------
[debug] 
[debug] [2023-01-14T22:42:58.650Z] > command requires scopes: ["email","openid","https://www.googleapis.com/auth/cloudplatformprojects.readonly","https://www.googleapis.com/auth/firebase","https://www.googleapis.com/auth/cloud-platform"]
[debug] [2023-01-14T22:42:58.651Z] > authorizing via signed-in user (maximofcallejas@gmail.com)
[info] 
     ######## #### ########  ######## ########     ###     ######  ########
     ##        ##  ##     ## ##       ##     ##  ##   ##  ##       ##
     ######    ##  ########  ######   ########  #########  ######  ######
     ##        ##  ##    ##  ##       ##     ## ##     ##       ## ##
     ##       #### ##     ## ######## ########  ##     ##  ######  ########

You're about to initialize a Firebase project in this directory:

  C:\Users\Usuario\Desktop\Portfolio\Front-End\portfolioEnAngular

Before we get started, keep in mind:

  * You are initializing within an existing Firebase project directory

[info] 
=== Project Setup
[info] 
[info] First, let's associate this project directory with a Firebase project.
[info] You can create multiple project aliases by running firebase use --add, 
[info] but for now we'll just set up a default project.
[info] 
[debug] [2023-01-14T22:43:14.363Z] Using project from CLI flag: portfolio235689
[debug] [2023-01-14T22:43:14.367Z] >>> [apiv2][query] GET https://firebase.googleapis.com/v1beta1/projects/portfolio235689 [none]
[debug] [2023-01-14T22:43:14.779Z] <<< [apiv2][status] GET https://firebase.googleapis.com/v1beta1/projects/portfolio235689 200
[debug] [2023-01-14T22:43:14.779Z] <<< [apiv2][body] GET https://firebase.googleapis.com/v1beta1/projects/portfolio235689 {"projectId":"portfolio235689","projectNumber":"955361335042","displayName":"portfolio235689","name":"projects/portfolio235689","resources":{"hostingSite":"portfolio235689"},"state":"ACTIVE","etag":"1_3fc20901-84cf-470c-b74d-13f1c3fa9a9b"}
[info] i  Using project portfolio235689 (portfolio235689) 
[info] 
=== Hosting Setup
[info] 
[info] Your public directory is the folder (relative to your project directory) that
[info] will contain Hosting assets to be uploaded with firebase deploy. If you
[info] have a build process for your assets, use your build's output directory.
[info] 
[info] +  Wrote public/404.html 
[debug] [2023-01-14T22:47:30.786Z] >>> [apiv2][query] GET https://www.gstatic.com/firebasejs/releases.json [none]
[debug] [2023-01-14T22:47:30.921Z] <<< [apiv2][status] GET https://www.gstatic.com/firebasejs/releases.json 200
[debug] [2023-01-14T22:47:30.922Z] <<< [apiv2][body] GET https://www.gstatic.com/firebasejs/releases.json {"current":{"version":"9.15.0","browserURL":"https://www.gstatic.com/firebasejs/9.15.0/firebase.js","packageURL":"https://www.gstatic.com/firebasejs/9.15.0/firebase.tgz"},"live":{"version":"9.15","browserURL":"https://www.gstatic.com/firebasejs/live/9.15/firebase.js","packageURL":"https://www.gstatic.com/firebasejs/live/9.15/firebase.tgz"},"components":{"analytics":"https://www.gstatic.com/firebasejs/9.15.0/firebase-analytics.js","app":"https://www.gstatic.com/firebasejs/9.15.0/firebase-app.js","app-check":"https://www.gstatic.com/firebasejs/9.15.0/firebase-app-check.js","auth":"https://www.gstatic.com/firebasejs/9.15.0/firebase-auth.js","auth/cordova":"https://www.gstatic.com/firebasejs/9.15.0/firebase-auth/cordova.js","auth/react-native":"https://www.gstatic.com/firebasejs/9.15.0/firebase-auth/react-native.js","functions":"https://www.gstatic.com/firebasejs/9.15.0/firebase-functions.js","firestore":"https://www.gstatic.com/firebasejs/9.15.0/firebase-firestore.js","firestore/lite":"https://www.gstatic.com/firebasejs/9.15.0/firebase-firestore/lite.js","installations":"https://www.gstatic.com/firebasejs/9.15.0/firebase-installations.js","storage":"https://www.gstatic.com/firebasejs/9.15.0/firebase-storage.js","performance":"https://www.gstatic.com/firebasejs/9.15.0/firebase-performance.js","remote-config":"https://www.gstatic.com/firebasejs/9.15.0/firebase-remote-config.js","messaging":"https://www.gstatic.com/firebasejs/9.15.0/firebase-messaging.js","messaging/sw":"https://www.gstatic.com/firebasejs/9.15.0/firebase-messaging/sw.js","database":"https://www.gstatic.com/firebasejs/9.15.0/firebase-database.js","firestore.memory":"https://www.gstatic.com/firebasejs/9.15.0/firebase-firestore.memory.js"}}
[info] +  Wrote public/index.html 
[info] 
[info] i  Detected a .git folder at C:\Users\Usuario\Desktop\Portfolio\Front-End\portfolioEnAngular 
[info] i  Authorizing with GitHub to upload your service account to a GitHub repository's secrets store. 
[info] 
[info] Visit this URL on this device to log in:
[info] https://github.com/login/oauth/authorize?client_id=89cf50f02ac6aaed3484&state=469465911&redirect_uri=http%3A%2F%2Flocalhost%3A9005&scope=read%3Auser%20repo%20public_repo
[info] 
[info] Waiting for authentication...
[debug] [2023-01-14T22:47:43.022Z] >>> [apiv2][query] POST https://github.com/login/oauth/access_token [none]
[debug] [2023-01-14T22:47:43.022Z] >>> [apiv2][body] POST https://github.com/login/oauth/access_token [stream]
[debug] [2023-01-14T22:47:43.453Z] <<< [apiv2][status] POST https://github.com/login/oauth/access_token 200
[debug] [2023-01-14T22:47:43.454Z] <<< [apiv2][body] POST https://github.com/login/oauth/access_token {"access_token":"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","token_type":"bearer","scope":"read:user,repo"}
[debug] [2023-01-14T22:47:43.460Z] >>> [apiv2][query] GET https://api.github.com/user [none]
[debug] [2023-01-14T22:47:43.845Z] <<< [apiv2][status] GET https://api.github.com/user 200
[debug] [2023-01-14T22:47:43.845Z] <<< [apiv2][body] GET https://api.github.com/user {"login":"MaximoFC","id":109539070,"node_id":"U_kgDOBodu_g","avatar_url":"https://avatars.githubusercontent.com/u/109539070?v=4","gravatar_id":"","url":"https://api.github.com/users/MaximoFC","html_url":"https://github.com/MaximoFC","followers_url":"https://api.github.com/users/MaximoFC/followers","following_url":"https://api.github.com/users/MaximoFC/following{/other_user}","gists_url":"https://api.github.com/users/MaximoFC/gists{/gist_id}","starred_url":"https://api.github.com/users/MaximoFC/starred{/owner}{/repo}","subscriptions_url":"https://api.github.com/users/MaximoFC/subscriptions","organizations_url":"https://api.github.com/users/MaximoFC/orgs","repos_url":"https://api.github.com/users/MaximoFC/repos","events_url":"https://api.github.com/users/MaximoFC/events{/privacy}","received_events_url":"https://api.github.com/users/MaximoFC/received_events","type":"User","site_admin":false,"name":"Máximo Callejas","company":null,"blog":"","location":"Argentina","email":null,"hireable":null,"bio":"Estudiante de programación web ","twitter_username":null,"public_repos":3,"public_gists":0,"followers":0,"following":0,"created_at":"2022-07-18T15:46:21Z","updated_at":"2023-01-14T15:58:19Z","private_gists":0,"total_private_repos":0,"owned_private_repos":0,"disk_usage":40602,"collaborators":0,"two_factor_authentication":false,"plan":{"name":"free","space":976562499,"collaborators":0,"private_repos":10000}}
[info] 
[info] +  Success! Logged into GitHub as MaximoFC 
[info] 
